2015-04-15 17:23:14 +0300 method=GET uri=/ remote-address=0:0:0:0:0:0:0:1 domain=localhost query-string= referrer=N/A user-agent=[Mozilla/5.0 (Macintosh; Intel Mac OS X 10_10_1) AppleWebKit/537.36 (KHTML, like Gecko) Chrome/41.0.2272.118 Safari/537.36]
2015-04-15 17:23:14 +0300 method=GET uri=/assets/javascripts/jquery.cookie.js remote-address=0:0:0:0:0:0:0:1 domain=localhost query-string= referrer=N/A user-agent=[Mozilla/5.0 (Macintosh; Intel Mac OS X 10_10_1) AppleWebKit/537.36 (KHTML, like Gecko) Chrome/41.0.2272.118 Safari/537.36]
2015-04-15 17:23:14 +0300 method=GET uri=/assets/javascripts/jquery.base64.min.js remote-address=0:0:0:0:0:0:0:1 domain=localhost query-string= referrer=N/A user-agent=[Mozilla/5.0 (Macintosh; Intel Mac OS X 10_10_1) AppleWebKit/537.36 (KHTML, like Gecko) Chrome/41.0.2272.118 Safari/537.36]
2015-04-15 17:23:14 +0300 method=GET uri=/assets/stylesheets/indexnew.css remote-address=0:0:0:0:0:0:0:1 domain=localhost query-string= referrer=N/A user-agent=[Mozilla/5.0 (Macintosh; Intel Mac OS X 10_10_1) AppleWebKit/537.36 (KHTML, like Gecko) Chrome/41.0.2272.118 Safari/537.36]
2015-04-15 17:23:14 +0300 method=GET uri=/assets/stylesheets/takipiSiteRetina.min.css remote-address=0:0:0:0:0:0:0:1 domain=localhost query-string= referrer=N/A user-agent=[Mozilla/5.0 (Macintosh; Intel Mac OS X 10_10_1) AppleWebKit/537.36 (KHTML, like Gecko) Chrome/41.0.2272.118 Safari/537.36]
2015-04-15 17:23:14 +0300 method=GET uri=/assets/javascripts/main.min.js remote-address=0:0:0:0:0:0:0:1 domain=localhost query-string= referrer=N/A user-agent=[Mozilla/5.0 (Macintosh; Intel Mac OS X 10_10_1) AppleWebKit/537.36 (KHTML, like Gecko) Chrome/41.0.2272.118 Safari/537.36]
2015-04-15 17:23:14 +0300 method=GET uri=/assets/stylesheets/main.min.css remote-address=0:0:0:0:0:0:0:1 domain=localhost query-string= referrer=N/A user-agent=[Mozilla/5.0 (Macintosh; Intel Mac OS X 10_10_1) AppleWebKit/537.36 (KHTML, like Gecko) Chrome/41.0.2272.118 Safari/537.36]
2015-04-15 17:23:14 +0300 method=GET uri=/assets/stylesheets/bluesite/bluesite-all.min.css remote-address=0:0:0:0:0:0:0:1 domain=localhost query-string= referrer=N/A user-agent=[Mozilla/5.0 (Macintosh; Intel Mac OS X 10_10_1) AppleWebKit/537.36 (KHTML, like Gecko) Chrome/41.0.2272.118 Safari/537.36]
2015-04-15 17:23:14 +0300 method=GET uri=/assets/images/bluesite/Fred--main-site_.gif remote-address=0:0:0:0:0:0:0:1 domain=localhost query-string= referrer=N/A user-agent=[Mozilla/5.0 (Macintosh; Intel Mac OS X 10_10_1) AppleWebKit/537.36 (KHTML, like Gecko) Chrome/41.0.2272.118 Safari/537.36]
2015-04-15 17:23:14 +0300 method=GET uri=/assets/images/bluesite/ico01.png remote-address=0:0:0:0:0:0:0:1 domain=localhost query-string= referrer=N/A user-agent=[Mozilla/5.0 (Macintosh; Intel Mac OS X 10_10_1) AppleWebKit/537.36 (KHTML, like Gecko) Chrome/41.0.2272.118 Safari/537.36]
2015-04-15 17:23:14 +0300 method=GET uri=/assets/images/bluesite/ico02.png remote-address=0:0:0:0:0:0:0:1 domain=localhost query-string= referrer=N/A user-agent=[Mozilla/5.0 (Macintosh; Intel Mac OS X 10_10_1) AppleWebKit/537.36 (KHTML, like Gecko) Chrome/41.0.2272.118 Safari/537.36]
2015-04-15 17:23:14 +0300 method=GET uri=/assets/images/bluesite/green-monster.png remote-address=0:0:0:0:0:0:0:1 domain=localhost query-string= referrer=N/A user-agent=[Mozilla/5.0 (Macintosh; Intel Mac OS X 10_10_1) AppleWebKit/537.36 (KHTML, like Gecko) Chrome/41.0.2272.118 Safari/537.36]
2015-04-15 17:23:14 +0300 method=GET uri=/assets/images/bluesite/img-focus-on01.png remote-address=0:0:0:0:0:0:0:1 domain=localhost query-string= referrer=N/A user-agent=[Mozilla/5.0 (Macintosh; Intel Mac OS X 10_10_1) AppleWebKit/537.36 (KHTML, like Gecko) Chrome/41.0.2272.118 Safari/537.36]
2015-04-15 17:23:14 +0300 method=GET uri=/assets/images/bluesite/img-focus-on001.png remote-address=0:0:0:0:0:0:0:1 domain=localhost query-string= referrer=N/A user-agent=[Mozilla/5.0 (Macintosh; Intel Mac OS X 10_10_1) AppleWebKit/537.36 (KHTML, like Gecko) Chrome/41.0.2272.118 Safari/537.36]
2015-04-15 17:23:14 +0300 method=GET uri=/assets/images/bluesite/img-focus-on02.png remote-address=0:0:0:0:0:0:0:1 domain=localhost query-string= referrer=N/A user-agent=[Mozilla/5.0 (Macintosh; Intel Mac OS X 10_10_1) AppleWebKit/537.36 (KHTML, like Gecko) Chrome/41.0.2272.118 Safari/537.36]
2015-04-15 17:23:14 +0300 method=GET uri=/assets/images/bluesite/img-focus-on004.png remote-address=0:0:0:0:0:0:0:1 domain=localhost query-string= referrer=N/A user-agent=[Mozilla/5.0 (Macintosh; Intel Mac OS X 10_10_1) AppleWebKit/537.36 (KHTML, like Gecko) Chrome/41.0.2272.118 Safari/537.36]
2015-04-15 17:23:14 +0300 method=GET uri=/assets/images/bluesite/ico15.png remote-address=0:0:0:0:0:0:0:1 domain=localhost query-string= referrer=N/A user-agent=[Mozilla/5.0 (Macintosh; Intel Mac OS X 10_10_1) AppleWebKit/537.36 (KHTML, like Gecko) Chrome/41.0.2272.118 Safari/537.36]
2015-04-15 17:23:14 +0300 method=GET uri=/assets/images/bluesite/ico14.png remote-address=0:0:0:0:0:0:0:1 domain=localhost query-string= referrer=N/A user-agent=[Mozilla/5.0 (Macintosh; Intel Mac OS X 10_10_1) AppleWebKit/537.36 (KHTML, like Gecko) Chrome/41.0.2272.118 Safari/537.36]
2015-04-15 17:23:14 +0300 method=GET uri=/assets/images/bluesite/trusted-by.png remote-address=0:0:0:0:0:0:0:1 domain=localhost query-string= referrer=N/A user-agent=[Mozilla/5.0 (Macintosh; Intel Mac OS X 10_10_1) AppleWebKit/537.36 (KHTML, like Gecko) Chrome/41.0.2272.118 Safari/537.36]
2015-04-15 17:23:15 +0300 method=GET uri=/assets/images/bluesite/img-002.png remote-address=0:0:0:0:0:0:0:1 domain=localhost query-string= referrer=N/A user-agent=[Mozilla/5.0 (Macintosh; Intel Mac OS X 10_10_1) AppleWebKit/537.36 (KHTML, like Gecko) Chrome/41.0.2272.118 Safari/537.36]
2015-04-15 17:23:15 +0300 method=GET uri=/assets/images/bluesite/featured-on.png remote-address=0:0:0:0:0:0:0:1 domain=localhost query-string= referrer=N/A user-agent=[Mozilla/5.0 (Macintosh; Intel Mac OS X 10_10_1) AppleWebKit/537.36 (KHTML, like Gecko) Chrome/41.0.2272.118 Safari/537.36]
2015-04-15 17:23:15 +0300 method=GET uri=/assets/images/takipi-dogs.jpg remote-address=0:0:0:0:0:0:0:1 domain=localhost query-string= referrer=N/A user-agent=[Mozilla/5.0 (Macintosh; Intel Mac OS X 10_10_1) AppleWebKit/537.36 (KHTML, like Gecko) Chrome/41.0.2272.118 Safari/537.36]
2015-04-15 17:23:15 +0300 method=GET uri=/assets/javascripts/jquery.cookie.js remote-address=0:0:0:0:0:0:0:1 domain=localhost query-string= referrer=N/A user-agent=[Mozilla/5.0 (Macintosh; Intel Mac OS X 10_10_1) AppleWebKit/537.36 (KHTML, like Gecko) Chrome/41.0.2272.118 Safari/537.36]
2015-04-15 17:23:15 +0300 method=GET uri=/assets/javascripts/jquery.base64.min.js remote-address=0:0:0:0:0:0:0:1 domain=localhost query-string= referrer=N/A user-agent=[Mozilla/5.0 (Macintosh; Intel Mac OS X 10_10_1) AppleWebKit/537.36 (KHTML, like Gecko) Chrome/41.0.2272.118 Safari/537.36]
2015-04-15 17:23:15 +0300 method=GET uri=/assets/javascripts/main.min.js remote-address=0:0:0:0:0:0:0:1 domain=localhost query-string= referrer=N/A user-agent=[Mozilla/5.0 (Macintosh; Intel Mac OS X 10_10_1) AppleWebKit/537.36 (KHTML, like Gecko) Chrome/41.0.2272.118 Safari/537.36]
2015-04-15 17:23:15 +0300 method=GET uri=/assets/stylesheets/bluesite/bluesite-all.min.css remote-address=0:0:0:0:0:0:0:1 domain=localhost query-string= referrer=N/A user-agent=[Mozilla/5.0 (Macintosh; Intel Mac OS X 10_10_1) AppleWebKit/537.36 (KHTML, like Gecko) Chrome/41.0.2272.118 Safari/537.36]
2015-04-15 17:23:15 +0300 method=GET uri=/assets/images/bluesite/Fred--main-site_.gif remote-address=0:0:0:0:0:0:0:1 domain=localhost query-string= referrer=N/A user-agent=[Mozilla/5.0 (Macintosh; Intel Mac OS X 10_10_1) AppleWebKit/537.36 (KHTML, like Gecko) Chrome/41.0.2272.118 Safari/537.36]
2015-04-15 17:23:15 +0300 method=GET uri=/assets/images/bluesite/img-focus-on001.png remote-address=0:0:0:0:0:0:0:1 domain=localhost query-string= referrer=N/A user-agent=[Mozilla/5.0 (Macintosh; Intel Mac OS X 10_10_1) AppleWebKit/537.36 (KHTML, like Gecko) Chrome/41.0.2272.118 Safari/537.36]
2015-04-15 17:23:15 +0300 method=GET uri=/assets/images/bluesite/img-002.png remote-address=0:0:0:0:0:0:0:1 domain=localhost query-string= referrer=N/A user-agent=[Mozilla/5.0 (Macintosh; Intel Mac OS X 10_10_1) AppleWebKit/537.36 (KHTML, like Gecko) Chrome/41.0.2272.118 Safari/537.36]
2015-04-15 17:23:15 +0300 method=GET uri=/assets/images/bluesite/img-focus-on004.png remote-address=0:0:0:0:0:0:0:1 domain=localhost query-string= referrer=N/A user-agent=[Mozilla/5.0 (Macintosh; Intel Mac OS X 10_10_1) AppleWebKit/537.36 (KHTML, like Gecko) Chrome/41.0.2272.118 Safari/537.36]
2015-04-15 17:23:15 +0300 method=GET uri=/assets/images/takipi-dogs.jpg remote-address=0:0:0:0:0:0:0:1 domain=localhost query-string= referrer=N/A user-agent=[Mozilla/5.0 (Macintosh; Intel Mac OS X 10_10_1) AppleWebKit/537.36 (KHTML, like Gecko) Chrome/41.0.2272.118 Safari/537.36]
2015-04-15 17:23:15 +0300 method=GET uri=/assets/images/bluesite/featured-on.png remote-address=0:0:0:0:0:0:0:1 domain=localhost query-string= referrer=N/A user-agent=[Mozilla/5.0 (Macintosh; Intel Mac OS X 10_10_1) AppleWebKit/537.36 (KHTML, like Gecko) Chrome/41.0.2272.118 Safari/537.36]
2015-04-15 17:23:15 +0300 method=GET uri=/assets/fonts/myriadpro-semibold-webfont.woff remote-address=0:0:0:0:0:0:0:1 domain=localhost query-string= referrer=N/A user-agent=[Mozilla/5.0 (Macintosh; Intel Mac OS X 10_10_1) AppleWebKit/537.36 (KHTML, like Gecko) Chrome/41.0.2272.118 Safari/537.36]
2015-04-15 17:23:15 +0300 method=GET uri=/assets/fonts/myriadproregular-webfont.woff remote-address=0:0:0:0:0:0:0:1 domain=localhost query-string= referrer=N/A user-agent=[Mozilla/5.0 (Macintosh; Intel Mac OS X 10_10_1) AppleWebKit/537.36 (KHTML, like Gecko) Chrome/41.0.2272.118 Safari/537.36]
2015-04-15 17:23:15 +0300 method=GET uri=/assets/images/bluesite/ico03.png remote-address=0:0:0:0:0:0:0:1 domain=localhost query-string= referrer=N/A user-agent=[Mozilla/5.0 (Macintosh; Intel Mac OS X 10_10_1) AppleWebKit/537.36 (KHTML, like Gecko) Chrome/41.0.2272.118 Safari/537.36]
2015-04-15 17:23:15 +0300 method=GET uri=/assets/images/bluesite/ico05.png remote-address=0:0:0:0:0:0:0:1 domain=localhost query-string= referrer=N/A user-agent=[Mozilla/5.0 (Macintosh; Intel Mac OS X 10_10_1) AppleWebKit/537.36 (KHTML, like Gecko) Chrome/41.0.2272.118 Safari/537.36]
2015-04-15 17:23:15 +0300 method=GET uri=/assets/fonts/myriadpro-bold.woff remote-address=0:0:0:0:0:0:0:1 domain=localhost query-string= referrer=N/A user-agent=[Mozilla/5.0 (Macintosh; Intel Mac OS X 10_10_1) AppleWebKit/537.36 (KHTML, like Gecko) Chrome/41.0.2272.118 Safari/537.36]
2015-04-15 17:23:15 +0300 method=GET uri=/assets/images/bluesite/ico002.png remote-address=0:0:0:0:0:0:0:1 domain=localhost query-string= referrer=N/A user-agent=[Mozilla/5.0 (Macintosh; Intel Mac OS X 10_10_1) AppleWebKit/537.36 (KHTML, like Gecko) Chrome/41.0.2272.118 Safari/537.36]
2015-04-15 17:23:15 +0300 method=GET uri=/assets/images/bluesite/ico04.png remote-address=0:0:0:0:0:0:0:1 domain=localhost query-string= referrer=N/A user-agent=[Mozilla/5.0 (Macintosh; Intel Mac OS X 10_10_1) AppleWebKit/537.36 (KHTML, like Gecko) Chrome/41.0.2272.118 Safari/537.36]
2015-04-15 17:23:15 +0300 method=GET uri=/assets/images/bluesite/ico08.png remote-address=0:0:0:0:0:0:0:1 domain=localhost query-string= referrer=N/A user-agent=[Mozilla/5.0 (Macintosh; Intel Mac OS X 10_10_1) AppleWebKit/537.36 (KHTML, like Gecko) Chrome/41.0.2272.118 Safari/537.36]
2015-04-15 17:23:15 +0300 method=GET uri=/assets/images/bluesite/bg-focus-on.png remote-address=0:0:0:0:0:0:0:1 domain=localhost query-string= referrer=N/A user-agent=[Mozilla/5.0 (Macintosh; Intel Mac OS X 10_10_1) AppleWebKit/537.36 (KHTML, like Gecko) Chrome/41.0.2272.118 Safari/537.36]
2015-04-15 17:23:15 +0300 method=GET uri=/assets/images/bluesite/bg-focus-on-shadow.png remote-address=0:0:0:0:0:0:0:1 domain=localhost query-string= referrer=N/A user-agent=[Mozilla/5.0 (Macintosh; Intel Mac OS X 10_10_1) AppleWebKit/537.36 (KHTML, like Gecko) Chrome/41.0.2272.118 Safari/537.36]
2015-04-15 17:23:15 +0300 method=GET uri=/assets/images/bluesite/production-info-error-hover.png remote-address=0:0:0:0:0:0:0:1 domain=localhost query-string= referrer=N/A user-agent=[Mozilla/5.0 (Macintosh; Intel Mac OS X 10_10_1) AppleWebKit/537.36 (KHTML, like Gecko) Chrome/41.0.2272.118 Safari/537.36]
2015-04-15 17:23:15 +0300 method=GET uri=/assets/images/bluesite/ico13.png remote-address=0:0:0:0:0:0:0:1 domain=localhost query-string= referrer=N/A user-agent=[Mozilla/5.0 (Macintosh; Intel Mac OS X 10_10_1) AppleWebKit/537.36 (KHTML, like Gecko) Chrome/41.0.2272.118 Safari/537.36]
2015-04-15 17:23:15 +0300 method=GET uri=/assets/images/bluesite/integration-workflow-buttons.png remote-address=0:0:0:0:0:0:0:1 domain=localhost query-string= referrer=N/A user-agent=[Mozilla/5.0 (Macintosh; Intel Mac OS X 10_10_1) AppleWebKit/537.36 (KHTML, like Gecko) Chrome/41.0.2272.118 Safari/537.36]
2015-04-15 17:23:15 +0300 method=GET uri=/assets/images/nav/05_socialIcons.png remote-address=0:0:0:0:0:0:0:1 domain=localhost query-string= referrer=N/A user-agent=[Mozilla/5.0 (Macintosh; Intel Mac OS X 10_10_1) AppleWebKit/537.36 (KHTML, like Gecko) Chrome/41.0.2272.118 Safari/537.36]
2015-04-15 17:23:15 +0300 method=GET uri=/assets/images/02_footerSeparator.png remote-address=0:0:0:0:0:0:0:1 domain=localhost query-string= referrer=N/A user-agent=[Mozilla/5.0 (Macintosh; Intel Mac OS X 10_10_1) AppleWebKit/537.36 (KHTML, like Gecko) Chrome/41.0.2272.118 Safari/537.36]
2015-04-15 17:23:16 +0300 method=GET uri=/assets/images/takipi.ico remote-address=0:0:0:0:0:0:0:1 domain=localhost query-string= referrer=N/A user-agent=[Mozilla/5.0 (Macintosh; Intel Mac OS X 10_10_1) AppleWebKit/537.36 (KHTML, like Gecko) Chrome/41.0.2272.118 Safari/537.36]
2015-04-15 17:23:16 +0300 method=GET uri=/assets/images/takipi.ico remote-address=0:0:0:0:0:0:0:1 domain=localhost query-string= referrer=N/A user-agent=[Mozilla/5.0 (Macintosh; Intel Mac OS X 10_10_1) AppleWebKit/537.36 (KHTML, like Gecko) Chrome/41.0.2272.118 Safari/537.36]
2015-04-15 17:23:50 +0300 method=GET uri=/support remote-address=0:0:0:0:0:0:0:1 domain=localhost query-string= referrer=N/A user-agent=[Mozilla/5.0 (Macintosh; Intel Mac OS X 10_10_1) AppleWebKit/537.36 (KHTML, like Gecko) Chrome/41.0.2272.118 Safari/537.36]
2015-04-15 17:24:00 +0300 method=GET uri=/support?nav=nav remote-address=0:0:0:0:0:0:0:1 domain=localhost query-string=nav=nav referrer=N/A user-agent=[Mozilla/5.0 (Macintosh; Intel Mac OS X 10_10_1) AppleWebKit/537.36 (KHTML, like Gecko) Chrome/41.0.2272.118 Safari/537.36]
2015-04-15 17:24:19 +0300 method=GET uri=/support?nav remote-address=0:0:0:0:0:0:0:1 domain=localhost query-string=nav referrer=N/A user-agent=[Mozilla/5.0 (Macintosh; Intel Mac OS X 10_10_1) AppleWebKit/537.36 (KHTML, like Gecko) Chrome/41.0.2272.118 Safari/537.36]
2015-04-15 17:24:24 +0300 method=GET uri=/support?nav=111 remote-address=0:0:0:0:0:0:0:1 domain=localhost query-string=nav=111 referrer=N/A user-agent=[Mozilla/5.0 (Macintosh; Intel Mac OS X 10_10_1) AppleWebKit/537.36 (KHTML, like Gecko) Chrome/41.0.2272.118 Safari/537.36]
