#
# There is insufficient memory for the Java Runtime Environment to continue.
# Native memory allocation (malloc) failed to allocate 715849728 bytes for committing reserved memory.
# Possible reasons:
#   The system is out of physical RAM or swap space
#   In 32 bit mode, the process size limit was hit
# Possible solutions:
#   Reduce memory load on the system
#   Increase physical memory or swap space
#   Check if swap backing store is full
#   Use 64 bit Java on a 64 bit OS
#   Decrease Java heap size (-Xmx/-Xms)
#   Decrease number of Java threads
#   Decrease Java thread stack sizes (-Xss)
#   Set larger code cache with -XX:ReservedCodeCacheSize=
# This output file may be truncated or incomplete.
#
#  Out of Memory Error (os_linux.cpp:2798), pid=3089, tid=140045764192000
#
# JRE version:  (7.0_75-b13) (build )
# Java VM: OpenJDK 64-Bit Server VM (24.75-b04 mixed mode linux-amd64 compressed oops)
# Derivative: IcedTea 2.5.4
# Distribution: Ubuntu 12.04 LTS, package 7u75-2.5.4-1~precise1
# Failed to write core dump. Core dumps have been disabled. To enable core dumping, try "ulimit -c unlimited" before starting Java again
#

---------------  T H R E A D  ---------------

Current thread (0x00007f5ee8053800):  JavaThread "Unknown thread" [_thread_in_vm, id=3130, stack(0x00007f5ef1f6e000,0x00007f5ef206f000)]

Stack: [0x00007f5ef1f6e000,0x00007f5ef206f000],  sp=0x00007f5ef206d4d0,  free space=1021k
Native frames: (J=compiled Java code, j=interpreted, Vv=VM code, C=native code)
V  [libjvm.so+0x926043]  VMError::report_and_die()+0x173
V  [libjvm.so+0x488be0]  report_vm_out_of_memory(char const*, int, unsigned long, char const*)+0x70
V  [libjvm.so+0x7ab063]  os::pd_commit_memory(char*, unsigned long, unsigned long, bool)+0x103
V  [libjvm.so+0x7a4d56]  os::commit_memory(char*, unsigned long, unsigned long, bool)+0x26
V  [libjvm.so+0x922eb7]  VirtualSpace::initialize(ReservedSpace, unsigned long)+0x267
V  [libjvm.so+0x556ec7]  CardGeneration::CardGeneration(ReservedSpace, unsigned long, int, GenRemSet*)+0x127
V  [libjvm.so+0x8d7573]  TenuredGeneration::TenuredGeneration(ReservedSpace, unsigned long, int, GenRemSet*)+0x83
V  [libjvm.so+0x557a0c]  GenerationSpec::init(ReservedSpace, int, GenRemSet*)+0xec
V  [libjvm.so+0x549211]  GenCollectedHeap::initialize()+0x2f1
V  [libjvm.so+0x8f7966]  Universe::initialize_heap()+0xc6
V  [libjvm.so+0x8f7ca4]  universe_init()+0x64
V  [libjvm.so+0x58f3af]  init_globals()+0x4f
V  [libjvm.so+0x8de2a9]  Threads::create_vm(JavaVMInitArgs*, bool*)+0x329
V  [libjvm.so+0x5f9eaa]  JNI_CreateJavaVM+0x5a
C  [libjli.so+0x2a47]


---------------  P R O C E S S  ---------------

Java Threads: ( => current thread )

Other Threads:

=>0x00007f5ee8053800 (exited) JavaThread "Unknown thread" [_thread_in_vm, id=3130, stack(0x00007f5ef1f6e000,0x00007f5ef206f000)]

VM state:not at safepoint (not fully initialized)

VM Mutex/Monitor currently owned by a thread: None

GC Heap History (0 events):
No events

Deoptimization events (0 events):
No events

Internal exceptions (0 events):
No events

Events (0 events):
No events


Dynamic libraries:
00400000-00401000 r-xp 00000000 fc:00 392532                             /usr/lib/jvm/java-7-openjdk-amd64/jre/bin/java
00600000-00601000 r--p 00000000 fc:00 392532                             /usr/lib/jvm/java-7-openjdk-amd64/jre/bin/java
00601000-00602000 rw-p 00001000 fc:00 392532                             /usr/lib/jvm/java-7-openjdk-amd64/jre/bin/java
00b17000-00b38000 rw-p 00000000 00:00 0                                  [heap]
b0000000-c5550000 rw-p 00000000 00:00 0 
f0000000-100000000 rw-p 00000000 00:00 0 
7f5ed0000000-7f5ed0021000 rw-p 00000000 00:00 0 
7f5ed0021000-7f5ed4000000 ---p 00000000 00:00 0 
7f5ed5000000-7f5ed5270000 rwxp 00000000 00:00 0 
7f5ed5270000-7f5ed8021000 rw-p 00000000 00:00 0 
7f5ed8021000-7f5edc000000 ---p 00000000 00:00 0 
7f5edc000000-7f5edc021000 rw-p 00000000 00:00 0 
7f5edc021000-7f5ee0000000 ---p 00000000 00:00 0 
7f5ee0000000-7f5ee0039000 rw-p 00000000 00:00 0 
7f5ee0039000-7f5ee4000000 ---p 00000000 00:00 0 
7f5ee4abc000-7f5ee4ccb000 rw-p 00000000 00:00 0 
7f5ee4ccb000-7f5ee4ea0000 rw-p 00000000 00:00 0 
7f5ee4ea0000-7f5ee4ea1000 rw-p 00000000 00:00 0 
7f5ee4ea1000-7f5ee4ea9000 r-xp 00000000 fc:00 520490                     /usr/lib/jvm/java-7-openjdk-amd64/jre/lib/amd64/libzip.so
7f5ee4ea9000-7f5ee50a8000 ---p 00008000 fc:00 520490                     /usr/lib/jvm/java-7-openjdk-amd64/jre/lib/amd64/libzip.so
7f5ee50a8000-7f5ee50a9000 r--p 00007000 fc:00 520490                     /usr/lib/jvm/java-7-openjdk-amd64/jre/lib/amd64/libzip.so
7f5ee50a9000-7f5ee50aa000 rw-p 00008000 fc:00 520490                     /usr/lib/jvm/java-7-openjdk-amd64/jre/lib/amd64/libzip.so
7f5ee50aa000-7f5ee50b6000 r-xp 00000000 fc:00 45                         /lib/x86_64-linux-gnu/libnss_files-2.15.so
7f5ee50b6000-7f5ee52b5000 ---p 0000c000 fc:00 45                         /lib/x86_64-linux-gnu/libnss_files-2.15.so
7f5ee52b5000-7f5ee52b6000 r--p 0000b000 fc:00 45                         /lib/x86_64-linux-gnu/libnss_files-2.15.so
7f5ee52b6000-7f5ee52b7000 rw-p 0000c000 fc:00 45                         /lib/x86_64-linux-gnu/libnss_files-2.15.so
7f5ee52b7000-7f5ee52c1000 r-xp 00000000 fc:00 49                         /lib/x86_64-linux-gnu/libnss_nis-2.15.so
7f5ee52c1000-7f5ee54c1000 ---p 0000a000 fc:00 49                         /lib/x86_64-linux-gnu/libnss_nis-2.15.so
7f5ee54c1000-7f5ee54c2000 r--p 0000a000 fc:00 49                         /lib/x86_64-linux-gnu/libnss_nis-2.15.so
7f5ee54c2000-7f5ee54c3000 rw-p 0000b000 fc:00 49                         /lib/x86_64-linux-gnu/libnss_nis-2.15.so
7f5ee54c3000-7f5ee54c4000 ---p 00000000 00:00 0 
7f5ee54c4000-7f5ee5cc4000 rwxp 00000000 00:00 0                          [stack:3137]
7f5ee5cc4000-7f5ee8000000 rw-s 00000000 00:12 11501                      /run/shm/BugtaleHeap
7f5ee8000000-7f5ee806d000 rw-p 00000000 00:00 0 
7f5ee806d000-7f5eec000000 ---p 00000000 00:00 0 
7f5eec01a000-7f5eec0ff000 rw-p 00000000 00:00 0 
7f5eec0ff000-7f5eec1b5000 rw-p 00000000 00:00 0 
7f5eec1b5000-7f5eec1cc000 r-xp 00000000 fc:00 77                         /lib/x86_64-linux-gnu/libnsl-2.15.so
7f5eec1cc000-7f5eec3cb000 ---p 00017000 fc:00 77                         /lib/x86_64-linux-gnu/libnsl-2.15.so
7f5eec3cb000-7f5eec3cc000 r--p 00016000 fc:00 77                         /lib/x86_64-linux-gnu/libnsl-2.15.so
7f5eec3cc000-7f5eec3cd000 rw-p 00017000 fc:00 77                         /lib/x86_64-linux-gnu/libnsl-2.15.so
7f5eec3cd000-7f5eec3cf000 rw-p 00000000 00:00 0 
7f5eec3cf000-7f5eec3d7000 r-xp 00000000 fc:00 43                         /lib/x86_64-linux-gnu/libnss_compat-2.15.so
7f5eec3d7000-7f5eec5d6000 ---p 00008000 fc:00 43                         /lib/x86_64-linux-gnu/libnss_compat-2.15.so
7f5eec5d6000-7f5eec5d7000 r--p 00007000 fc:00 43                         /lib/x86_64-linux-gnu/libnss_compat-2.15.so
7f5eec5d7000-7f5eec5d8000 rw-p 00008000 fc:00 43                         /lib/x86_64-linux-gnu/libnss_compat-2.15.so
7f5eec5d8000-7f5eec5d9000 ---p 00000000 00:00 0 
7f5eec5d9000-7f5eecdd9000 rwxp 00000000 00:00 0                          [stack:3136]
7f5eecdd9000-7f5eece56000 rw-s 00000000 00:12 16079                      /run/shm/TKPA.3089a1429445763637075
7f5eece56000-7f5eeced3000 rw-s 00000000 00:12 11537                      /run/shm/BugtaleService
7f5eeced3000-7f5eeced4000 ---p 00000000 00:00 0 
7f5eeced4000-7f5eed6d4000 rwxp 00000000 00:00 0                          [stack:3132]
7f5eed6d4000-7f5eed6d5000 ---p 00000000 00:00 0 
7f5eed6d5000-7f5eeded5000 rwxp 00000000 00:00 0                          [stack:3131]
7f5eeded5000-7f5eedf68000 r-xp 00000000 fc:00 391169                     /opt/takipi/lib/libPocoXML.so.12
7f5eedf68000-7f5eee168000 ---p 00093000 fc:00 391169                     /opt/takipi/lib/libPocoXML.so.12
7f5eee168000-7f5eee16f000 rw-p 00093000 fc:00 391169                     /opt/takipi/lib/libPocoXML.so.12
7f5eee16f000-7f5eee27d000 r-xp 00000000 fc:00 391166                     /opt/takipi/lib/libprotobuf.so.8
7f5eee27d000-7f5eee47c000 ---p 0010e000 fc:00 391166                     /opt/takipi/lib/libprotobuf.so.8
7f5eee47c000-7f5eee482000 rw-p 0010d000 fc:00 391166                     /opt/takipi/lib/libprotobuf.so.8
7f5eee482000-7f5eee483000 rw-p 00000000 00:00 0 
7f5eee483000-7f5eee4d6000 r-xp 00000000 fc:00 391149                     /opt/takipi/lib/libPocoUtil.so.12
7f5eee4d6000-7f5eee6d5000 ---p 00053000 fc:00 391149                     /opt/takipi/lib/libPocoUtil.so.12
7f5eee6d5000-7f5eee6d8000 rw-p 00052000 fc:00 391149                     /opt/takipi/lib/libPocoUtil.so.12
7f5eee6d8000-7f5eee862000 r-xp 00000000 fc:00 391161                     /opt/takipi/lib/libPocoFoundation.so.12
7f5eee862000-7f5eeea62000 ---p 0018a000 fc:00 391161                     /opt/takipi/lib/libPocoFoundation.so.12
7f5eeea62000-7f5eeea70000 rw-p 0018a000 fc:00 391161                     /opt/takipi/lib/libPocoFoundation.so.12
7f5eeea70000-7f5eef2e9000 r-xp 00000000 fc:00 391171                     /opt/takipi/lib/libTakipiAgent.so
7f5eef2e9000-7f5eef4e9000 ---p 00879000 fc:00 391171                     /opt/takipi/lib/libTakipiAgent.so
7f5eef4e9000-7f5eef52b000 rw-p 00879000 fc:00 391171                     /opt/takipi/lib/libTakipiAgent.so
7f5eef52b000-7f5eef621000 rw-p 00000000 00:00 0 
7f5eef621000-7f5eef64a000 r-xp 00000000 fc:00 520486                     /usr/lib/jvm/java-7-openjdk-amd64/jre/lib/amd64/libjava.so
7f5eef64a000-7f5eef849000 ---p 00029000 fc:00 520486                     /usr/lib/jvm/java-7-openjdk-amd64/jre/lib/amd64/libjava.so
7f5eef849000-7f5eef84a000 r--p 00028000 fc:00 520486                     /usr/lib/jvm/java-7-openjdk-amd64/jre/lib/amd64/libjava.so
7f5eef84a000-7f5eef84c000 rw-p 00029000 fc:00 520486                     /usr/lib/jvm/java-7-openjdk-amd64/jre/lib/amd64/libjava.so
7f5eef84c000-7f5eef85a000 r-xp 00000000 fc:00 520504                     /usr/lib/jvm/java-7-openjdk-amd64/jre/lib/amd64/libverify.so
7f5eef85a000-7f5eefa59000 ---p 0000e000 fc:00 520504                     /usr/lib/jvm/java-7-openjdk-amd64/jre/lib/amd64/libverify.so
7f5eefa59000-7f5eefa5b000 r--p 0000d000 fc:00 520504                     /usr/lib/jvm/java-7-openjdk-amd64/jre/lib/amd64/libverify.so
7f5eefa5b000-7f5eefa5c000 rw-p 0000f000 fc:00 520504                     /usr/lib/jvm/java-7-openjdk-amd64/jre/lib/amd64/libverify.so
7f5eefa5c000-7f5eefa63000 r-xp 00000000 fc:00 48                         /lib/x86_64-linux-gnu/librt-2.15.so
7f5eefa63000-7f5eefc62000 ---p 00007000 fc:00 48                         /lib/x86_64-linux-gnu/librt-2.15.so
7f5eefc62000-7f5eefc63000 r--p 00006000 fc:00 48                         /lib/x86_64-linux-gnu/librt-2.15.so
7f5eefc63000-7f5eefc64000 rw-p 00007000 fc:00 48                         /lib/x86_64-linux-gnu/librt-2.15.so
7f5eefc64000-7f5eefc79000 r-xp 00000000 fc:00 29                         /lib/x86_64-linux-gnu/libgcc_s.so.1
7f5eefc79000-7f5eefe78000 ---p 00015000 fc:00 29                         /lib/x86_64-linux-gnu/libgcc_s.so.1
7f5eefe78000-7f5eefe79000 r--p 00014000 fc:00 29                         /lib/x86_64-linux-gnu/libgcc_s.so.1
7f5eefe79000-7f5eefe7a000 rw-p 00015000 fc:00 29                         /lib/x86_64-linux-gnu/libgcc_s.so.1
7f5eefe7a000-7f5eeff75000 r-xp 00000000 fc:00 52                         /lib/x86_64-linux-gnu/libm-2.15.so
7f5eeff75000-7f5ef0174000 ---p 000fb000 fc:00 52                         /lib/x86_64-linux-gnu/libm-2.15.so
7f5ef0174000-7f5ef0175000 r--p 000fa000 fc:00 52                         /lib/x86_64-linux-gnu/libm-2.15.so
7f5ef0175000-7f5ef0176000 rw-p 000fb000 fc:00 52                         /lib/x86_64-linux-gnu/libm-2.15.so
7f5ef0176000-7f5ef0258000 r-xp 00000000 fc:00 265657                     /usr/lib/x86_64-linux-gnu/libstdc++.so.6.0.16
7f5ef0258000-7f5ef0457000 ---p 000e2000 fc:00 265657                     /usr/lib/x86_64-linux-gnu/libstdc++.so.6.0.16
7f5ef0457000-7f5ef045f000 r--p 000e1000 fc:00 265657                     /usr/lib/x86_64-linux-gnu/libstdc++.so.6.0.16
7f5ef045f000-7f5ef0461000 rw-p 000e9000 fc:00 265657                     /usr/lib/x86_64-linux-gnu/libstdc++.so.6.0.16
7f5ef0461000-7f5ef0476000 rw-p 00000000 00:00 0 
7f5ef0476000-7f5ef0f65000 r-xp 00000000 fc:00 520522                     /usr/lib/jvm/java-7-openjdk-amd64/jre/lib/amd64/server/libjvm.so
7f5ef0f65000-7f5ef1164000 ---p 00aef000 fc:00 520522                     /usr/lib/jvm/java-7-openjdk-amd64/jre/lib/amd64/server/libjvm.so
7f5ef1164000-7f5ef1205000 r--p 00aee000 fc:00 520522                     /usr/lib/jvm/java-7-openjdk-amd64/jre/lib/amd64/server/libjvm.so
7f5ef1205000-7f5ef1228000 rw-p 00b8f000 fc:00 520522                     /usr/lib/jvm/java-7-openjdk-amd64/jre/lib/amd64/server/libjvm.so
7f5ef1228000-7f5ef1255000 rw-p 00000000 00:00 0 
7f5ef1255000-7f5ef126b000 r-xp 00000000 fc:00 345                        /lib/x86_64-linux-gnu/libz.so.1.2.3.4
7f5ef126b000-7f5ef146a000 ---p 00016000 fc:00 345                        /lib/x86_64-linux-gnu/libz.so.1.2.3.4
7f5ef146a000-7f5ef146b000 r--p 00015000 fc:00 345                        /lib/x86_64-linux-gnu/libz.so.1.2.3.4
7f5ef146b000-7f5ef146c000 rw-p 00016000 fc:00 345                        /lib/x86_64-linux-gnu/libz.so.1.2.3.4
7f5ef146c000-7f5ef1484000 r-xp 00000000 fc:00 50                         /lib/x86_64-linux-gnu/libpthread-2.15.so
7f5ef1484000-7f5ef1683000 ---p 00018000 fc:00 50                         /lib/x86_64-linux-gnu/libpthread-2.15.so
7f5ef1683000-7f5ef1684000 r--p 00017000 fc:00 50                         /lib/x86_64-linux-gnu/libpthread-2.15.so
7f5ef1684000-7f5ef1685000 rw-p 00018000 fc:00 50                         /lib/x86_64-linux-gnu/libpthread-2.15.so
7f5ef1685000-7f5ef1689000 rw-p 00000000 00:00 0 
7f5ef1689000-7f5ef168b000 r-xp 00000000 fc:00 56                         /lib/x86_64-linux-gnu/libdl-2.15.so
7f5ef168b000-7f5ef188b000 ---p 00002000 fc:00 56                         /lib/x86_64-linux-gnu/libdl-2.15.so
7f5ef188b000-7f5ef188c000 r--p 00002000 fc:00 56                         /lib/x86_64-linux-gnu/libdl-2.15.so
7f5ef188c000-7f5ef188d000 rw-p 00003000 fc:00 56                         /lib/x86_64-linux-gnu/libdl-2.15.so
7f5ef188d000-7f5ef1a42000 r-xp 00000000 fc:00 41                         /lib/x86_64-linux-gnu/libc-2.15.so
7f5ef1a42000-7f5ef1c42000 ---p 001b5000 fc:00 41                         /lib/x86_64-linux-gnu/libc-2.15.so
7f5ef1c42000-7f5ef1c46000 r--p 001b5000 fc:00 41                         /lib/x86_64-linux-gnu/libc-2.15.so
7f5ef1c46000-7f5ef1c48000 rw-p 001b9000 fc:00 41                         /lib/x86_64-linux-gnu/libc-2.15.so
7f5ef1c48000-7f5ef1c4d000 rw-p 00000000 00:00 0 
7f5ef1c4d000-7f5ef1c5a000 r-xp 00000000 fc:00 520529                     /usr/lib/jvm/java-7-openjdk-amd64/jre/lib/amd64/jli/libjli.so
7f5ef1c5a000-7f5ef1e59000 ---p 0000d000 fc:00 520529                     /usr/lib/jvm/java-7-openjdk-amd64/jre/lib/amd64/jli/libjli.so
7f5ef1e59000-7f5ef1e5a000 r--p 0000c000 fc:00 520529                     /usr/lib/jvm/java-7-openjdk-amd64/jre/lib/amd64/jli/libjli.so
7f5ef1e5a000-7f5ef1e5b000 rw-p 0000d000 fc:00 520529                     /usr/lib/jvm/java-7-openjdk-amd64/jre/lib/amd64/jli/libjli.so
7f5ef1e5b000-7f5ef1e7d000 r-xp 00000000 fc:00 53                         /lib/x86_64-linux-gnu/ld-2.15.so
7f5ef1ea5000-7f5ef1ead000 rw-s 00000000 fc:00 131061                     /tmp/hsperfdata_vagrant/3089
7f5ef1ead000-7f5ef1f6e000 rw-p 00000000 00:00 0 
7f5ef1f6e000-7f5ef1f71000 ---p 00000000 00:00 0 
7f5ef1f71000-7f5ef206f000 rwxp 00000000 00:00 0                          [stack:3130]
7f5ef206f000-7f5ef2075000 rw-p 00000000 00:00 0 
7f5ef2075000-7f5ef2076000 rw-p 00000000 00:00 0 
7f5ef2076000-7f5ef2077000 rw-s 00000000 00:12 16078                      /run/shm/TKPI3089a1429445763637075
7f5ef2077000-7f5ef2078000 rw-s 00000000 00:12 11509                      /run/shm/BugtaleGenerators
7f5ef2078000-7f5ef2079000 rw-s 00000000 00:12 11541                      /run/shm/BugtaleWatchDog
7f5ef2079000-7f5ef207a000 rw-p 00000000 00:00 0 
7f5ef207a000-7f5ef207b000 r--p 00000000 00:00 0 
7f5ef207b000-7f5ef207d000 rw-p 00000000 00:00 0 
7f5ef207d000-7f5ef207e000 r--p 00022000 fc:00 53                         /lib/x86_64-linux-gnu/ld-2.15.so
7f5ef207e000-7f5ef2080000 rw-p 00023000 fc:00 53                         /lib/x86_64-linux-gnu/ld-2.15.so
7fffcc14c000-7fffcc16d000 rwxp 00000000 00:00 0                          [stack]
7fffcc1fe000-7fffcc200000 r-xp 00000000 00:00 0                          [vdso]
ffffffffff600000-ffffffffff601000 r-xp 00000000 00:00 0                  [vsyscall]

VM Arguments:
jvm_args: -Dactivator.home=//vagrant -Xms1024m -Xmx1024m -XX:PermSize=64m -XX:MaxPermSize=256m -agentlib:TakipiAgent 
java_command: //vagrant/activator-launch-1.2.3.jar run
Launcher Type: SUN_STANDARD

Environment Variables:
PATH=/usr/local/sbin:/usr/local/bin:/usr/sbin:/usr/bin:/sbin:/bin:/usr/games
SHELL=/bin/bash

Signal Handlers:
SIGSEGV: [libjvm.so+0x926aa0], sa_mask[0]=0x7ffbfeff, sa_flags=0x10000004
SIGBUS: [libjvm.so+0x926aa0], sa_mask[0]=0x7ffbfeff, sa_flags=0x10000004
SIGFPE: [libjvm.so+0x7a59e0], sa_mask[0]=0x7ffbfeff, sa_flags=0x10000004
SIGPIPE: [libTakipiAgent.so+0x62fef0], sa_mask[0]=0x00001000, sa_flags=0x10000004
SIGXFSZ: [libjvm.so+0x7a59e0], sa_mask[0]=0x7ffbfeff, sa_flags=0x10000004
SIGILL: [libjvm.so+0x7a59e0], sa_mask[0]=0x7ffbfeff, sa_flags=0x10000004
SIGUSR1: SIG_DFL, sa_mask[0]=0x00000000, sa_flags=0x00000000
SIGUSR2: [libjvm.so+0x7a5c00], sa_mask[0]=0x00000000, sa_flags=0x10000004
SIGHUP: SIG_DFL, sa_mask[0]=0x00000000, sa_flags=0x00000000
SIGINT: SIG_DFL, sa_mask[0]=0x00000000, sa_flags=0x00000000
SIGTERM: SIG_DFL, sa_mask[0]=0x00000000, sa_flags=0x00000000
SIGQUIT: SIG_DFL, sa_mask[0]=0x00000000, sa_flags=0x00000000
SIGTRAP: SIG_DFL, sa_mask[0]=0x00000000, sa_flags=0x00000000


---------------  S Y S T E M  ---------------

OS:Ubuntu 12.04 (precise)
uname:Linux 3.11.0-15-generic #25~precise1-Ubuntu SMP Thu Jan 30 17:39:31 UTC 2014 x86_64
libc:glibc 2.15 NPTL 2.15 
rlimit: STACK 8192k, CORE 0k, NPROC 3760, NOFILE 4096, AS infinity
load average:0.08 0.54 0.47

/proc/meminfo:
MemTotal:         501044 kB
MemFree:          285468 kB
Buffers:            2768 kB
Cached:            46980 kB
SwapCached:        49972 kB
Active:            67600 kB
Inactive:         104724 kB
Active(anon):      42540 kB
Inactive(anon):    80356 kB
Active(file):      25060 kB
Inactive(file):    24368 kB
Unevictable:           0 kB
Mlocked:               0 kB
SwapTotal:        524284 kB
SwapFree:         315760 kB
Dirty:               264 kB
Writeback:             0 kB
AnonPages:         75340 kB
Mapped:            19932 kB
Shmem:               264 kB
Slab:              19480 kB
SReclaimable:       9808 kB
SUnreclaim:         9672 kB
KernelStack:        1664 kB
PageTables:         3592 kB
NFS_Unstable:          0 kB
Bounce:                0 kB
WritebackTmp:          0 kB
CommitLimit:      774804 kB
Committed_AS:     909120 kB
VmallocTotal:   34359738367 kB
VmallocUsed:       20980 kB
VmallocChunk:   34359713596 kB
HardwareCorrupted:     0 kB
AnonHugePages:         0 kB
HugePages_Total:       0
HugePages_Free:        0
HugePages_Rsvd:        0
HugePages_Surp:        0
Hugepagesize:       2048 kB
DirectMap4k:       38848 kB
DirectMap2M:      485376 kB


CPU:total 1 (1 cores per cpu, 1 threads per core) family 6 model 69 stepping 1, cmov, cx8, fxsr, mmx, sse, sse2, sse3, ssse3, tsc

/proc/cpuinfo:
processor	: 0
vendor_id	: GenuineIntel
cpu family	: 6
model		: 69
model name	: Intel(R) Core(TM) i5-4288U CPU @ 2.60GHz
stepping	: 1
microcode	: 0x19
cpu MHz		: 2601.512
cache size	: 6144 KB
fpu		: yes
fpu_exception	: yes
cpuid level	: 5
wp		: yes
flags		: fpu vme de pse tsc msr pae mce cx8 apic sep mtrr pge mca cmov pat pse36 clflush mmx fxsr sse sse2 syscall nx rdtscp lm constant_tsc rep_good nopl pni monitor ssse3 lahf_lm
bogomips	: 5203.02
clflush size	: 64
cache_alignment	: 64
address sizes	: 39 bits physical, 48 bits virtual
power management:



Memory: 4k page, physical 501044k(285468k free), swap 524284k(315760k free)

vm_info: OpenJDK 64-Bit Server VM (24.75-b04) for linux-amd64 JRE (1.7.0_75-b13), built on Jan 27 2015 16:25:00 by "buildd" with gcc 4.6.3

time: Sun Apr 19 05:16:03 2015
elapsed time: 0 seconds

