#
# There is insufficient memory for the Java Runtime Environment to continue.
# Native memory allocation (malloc) failed to allocate 715849728 bytes for committing reserved memory.
# Possible reasons:
#   The system is out of physical RAM or swap space
#   In 32 bit mode, the process size limit was hit
# Possible solutions:
#   Reduce memory load on the system
#   Increase physical memory or swap space
#   Check if swap backing store is full
#   Use 64 bit Java on a 64 bit OS
#   Decrease Java heap size (-Xmx/-Xms)
#   Decrease number of Java threads
#   Decrease Java thread stack sizes (-Xss)
#   Set larger code cache with -XX:ReservedCodeCacheSize=
# This output file may be truncated or incomplete.
#
#  Out of Memory Error (os_linux.cpp:2798), pid=3311, tid=140403595896576
#
# JRE version:  (7.0_75-b13) (build )
# Java VM: OpenJDK 64-Bit Server VM (24.75-b04 mixed mode linux-amd64 compressed oops)
# Derivative: IcedTea 2.5.4
# Distribution: Ubuntu 12.04 LTS, package 7u75-2.5.4-1~precise1
# Failed to write core dump. Core dumps have been disabled. To enable core dumping, try "ulimit -c unlimited" before starting Java again
#

---------------  T H R E A D  ---------------

Current thread (0x00007fb23c053800):  JavaThread "Unknown thread" [_thread_in_vm, id=3352, stack(0x00007fb242656000,0x00007fb242757000)]

Stack: [0x00007fb242656000,0x00007fb242757000],  sp=0x00007fb2427554d0,  free space=1021k
Native frames: (J=compiled Java code, j=interpreted, Vv=VM code, C=native code)
V  [libjvm.so+0x926043]  VMError::report_and_die()+0x173
V  [libjvm.so+0x488be0]  report_vm_out_of_memory(char const*, int, unsigned long, char const*)+0x70
V  [libjvm.so+0x7ab063]  os::pd_commit_memory(char*, unsigned long, unsigned long, bool)+0x103
V  [libjvm.so+0x7a4d56]  os::commit_memory(char*, unsigned long, unsigned long, bool)+0x26
V  [libjvm.so+0x922eb7]  VirtualSpace::initialize(ReservedSpace, unsigned long)+0x267
V  [libjvm.so+0x556ec7]  CardGeneration::CardGeneration(ReservedSpace, unsigned long, int, GenRemSet*)+0x127
V  [libjvm.so+0x8d7573]  TenuredGeneration::TenuredGeneration(ReservedSpace, unsigned long, int, GenRemSet*)+0x83
V  [libjvm.so+0x557a0c]  GenerationSpec::init(ReservedSpace, int, GenRemSet*)+0xec
V  [libjvm.so+0x549211]  GenCollectedHeap::initialize()+0x2f1
V  [libjvm.so+0x8f7966]  Universe::initialize_heap()+0xc6
V  [libjvm.so+0x8f7ca4]  universe_init()+0x64
V  [libjvm.so+0x58f3af]  init_globals()+0x4f
V  [libjvm.so+0x8de2a9]  Threads::create_vm(JavaVMInitArgs*, bool*)+0x329
V  [libjvm.so+0x5f9eaa]  JNI_CreateJavaVM+0x5a
C  [libjli.so+0x2a47]


---------------  P R O C E S S  ---------------

Java Threads: ( => current thread )

Other Threads:

=>0x00007fb23c053800 (exited) JavaThread "Unknown thread" [_thread_in_vm, id=3352, stack(0x00007fb242656000,0x00007fb242757000)]

VM state:not at safepoint (not fully initialized)

VM Mutex/Monitor currently owned by a thread: None

GC Heap History (0 events):
No events

Deoptimization events (0 events):
No events

Internal exceptions (0 events):
No events

Events (0 events):
No events


Dynamic libraries:
00400000-00401000 r-xp 00000000 fc:00 392532                             /usr/lib/jvm/java-7-openjdk-amd64/jre/bin/java
00600000-00601000 r--p 00000000 fc:00 392532                             /usr/lib/jvm/java-7-openjdk-amd64/jre/bin/java
00601000-00602000 rw-p 00001000 fc:00 392532                             /usr/lib/jvm/java-7-openjdk-amd64/jre/bin/java
01c20000-01c41000 rw-p 00000000 00:00 0                                  [heap]
b0000000-c5550000 rw-p 00000000 00:00 0 
f0000000-100000000 rw-p 00000000 00:00 0 
7fb220000000-7fb220021000 rw-p 00000000 00:00 0 
7fb220021000-7fb224000000 ---p 00000000 00:00 0 
7fb225000000-7fb225270000 rwxp 00000000 00:00 0 
7fb225270000-7fb228021000 rw-p 00000000 00:00 0 
7fb228021000-7fb22c000000 ---p 00000000 00:00 0 
7fb22c000000-7fb22c021000 rw-p 00000000 00:00 0 
7fb22c021000-7fb230000000 ---p 00000000 00:00 0 
7fb230000000-7fb230039000 rw-p 00000000 00:00 0 
7fb230039000-7fb234000000 ---p 00000000 00:00 0 
7fb235174000-7fb23545e000 rw-p 00000000 00:00 0 
7fb23545e000-7fb235633000 rw-p 00000000 00:00 0 
7fb235633000-7fb23563e000 rw-p 00000000 00:00 0 
7fb23563e000-7fb2356f4000 rw-p 00000000 00:00 0 
7fb2356f4000-7fb2356fc000 r-xp 00000000 fc:00 520490                     /usr/lib/jvm/java-7-openjdk-amd64/jre/lib/amd64/libzip.so
7fb2356fc000-7fb2358fb000 ---p 00008000 fc:00 520490                     /usr/lib/jvm/java-7-openjdk-amd64/jre/lib/amd64/libzip.so
7fb2358fb000-7fb2358fc000 r--p 00007000 fc:00 520490                     /usr/lib/jvm/java-7-openjdk-amd64/jre/lib/amd64/libzip.so
7fb2358fc000-7fb2358fd000 rw-p 00008000 fc:00 520490                     /usr/lib/jvm/java-7-openjdk-amd64/jre/lib/amd64/libzip.so
7fb2358fd000-7fb235909000 r-xp 00000000 fc:00 45                         /lib/x86_64-linux-gnu/libnss_files-2.15.so
7fb235909000-7fb235b08000 ---p 0000c000 fc:00 45                         /lib/x86_64-linux-gnu/libnss_files-2.15.so
7fb235b08000-7fb235b09000 r--p 0000b000 fc:00 45                         /lib/x86_64-linux-gnu/libnss_files-2.15.so
7fb235b09000-7fb235b0a000 rw-p 0000c000 fc:00 45                         /lib/x86_64-linux-gnu/libnss_files-2.15.so
7fb235b0a000-7fb235b14000 r-xp 00000000 fc:00 49                         /lib/x86_64-linux-gnu/libnss_nis-2.15.so
7fb235b14000-7fb235d14000 ---p 0000a000 fc:00 49                         /lib/x86_64-linux-gnu/libnss_nis-2.15.so
7fb235d14000-7fb235d15000 r--p 0000a000 fc:00 49                         /lib/x86_64-linux-gnu/libnss_nis-2.15.so
7fb235d15000-7fb235d16000 rw-p 0000b000 fc:00 49                         /lib/x86_64-linux-gnu/libnss_nis-2.15.so
7fb235d16000-7fb235d2d000 r-xp 00000000 fc:00 77                         /lib/x86_64-linux-gnu/libnsl-2.15.so
7fb235d2d000-7fb235f2c000 ---p 00017000 fc:00 77                         /lib/x86_64-linux-gnu/libnsl-2.15.so
7fb235f2c000-7fb235f2d000 r--p 00016000 fc:00 77                         /lib/x86_64-linux-gnu/libnsl-2.15.so
7fb235f2d000-7fb235f2e000 rw-p 00017000 fc:00 77                         /lib/x86_64-linux-gnu/libnsl-2.15.so
7fb235f2e000-7fb235f30000 rw-p 00000000 00:00 0 
7fb235f30000-7fb235f38000 r-xp 00000000 fc:00 43                         /lib/x86_64-linux-gnu/libnss_compat-2.15.so
7fb235f38000-7fb236137000 ---p 00008000 fc:00 43                         /lib/x86_64-linux-gnu/libnss_compat-2.15.so
7fb236137000-7fb236138000 r--p 00007000 fc:00 43                         /lib/x86_64-linux-gnu/libnss_compat-2.15.so
7fb236138000-7fb236139000 rw-p 00008000 fc:00 43                         /lib/x86_64-linux-gnu/libnss_compat-2.15.so
7fb236139000-7fb23613a000 ---p 00000000 00:00 0 
7fb23613a000-7fb23693a000 rwxp 00000000 00:00 0                          [stack:3360]
7fb23693a000-7fb23693b000 ---p 00000000 00:00 0 
7fb23693b000-7fb23713b000 rwxp 00000000 00:00 0                          [stack:3359]
7fb23713b000-7fb239477000 rw-s 00000000 00:12 11501                      /run/shm/BugtaleHeap
7fb239477000-7fb239478000 ---p 00000000 00:00 0 
7fb239478000-7fb239c78000 rwxp 00000000 00:00 0                          [stack:3355]
7fb239c78000-7fb239c79000 ---p 00000000 00:00 0 
7fb239c79000-7fb23a479000 rwxp 00000000 00:00 0                          [stack:3354]
7fb23a479000-7fb23a50c000 r-xp 00000000 fc:00 391169                     /opt/takipi/lib/libPocoXML.so.12
7fb23a50c000-7fb23a70c000 ---p 00093000 fc:00 391169                     /opt/takipi/lib/libPocoXML.so.12
7fb23a70c000-7fb23a713000 rw-p 00093000 fc:00 391169                     /opt/takipi/lib/libPocoXML.so.12
7fb23a713000-7fb23a821000 r-xp 00000000 fc:00 391166                     /opt/takipi/lib/libprotobuf.so.8
7fb23a821000-7fb23aa20000 ---p 0010e000 fc:00 391166                     /opt/takipi/lib/libprotobuf.so.8
7fb23aa20000-7fb23aa26000 rw-p 0010d000 fc:00 391166                     /opt/takipi/lib/libprotobuf.so.8
7fb23aa26000-7fb23aa27000 rw-p 00000000 00:00 0 
7fb23aa27000-7fb23aa7a000 r-xp 00000000 fc:00 391149                     /opt/takipi/lib/libPocoUtil.so.12
7fb23aa7a000-7fb23ac79000 ---p 00053000 fc:00 391149                     /opt/takipi/lib/libPocoUtil.so.12
7fb23ac79000-7fb23ac7c000 rw-p 00052000 fc:00 391149                     /opt/takipi/lib/libPocoUtil.so.12
7fb23ac7c000-7fb23ae06000 r-xp 00000000 fc:00 391161                     /opt/takipi/lib/libPocoFoundation.so.12
7fb23ae06000-7fb23b006000 ---p 0018a000 fc:00 391161                     /opt/takipi/lib/libPocoFoundation.so.12
7fb23b006000-7fb23b014000 rw-p 0018a000 fc:00 391161                     /opt/takipi/lib/libPocoFoundation.so.12
7fb23b014000-7fb23b88d000 r-xp 00000000 fc:00 391171                     /opt/takipi/lib/libTakipiAgent.so
7fb23b88d000-7fb23ba8d000 ---p 00879000 fc:00 391171                     /opt/takipi/lib/libTakipiAgent.so
7fb23ba8d000-7fb23bacf000 rw-p 00879000 fc:00 391171                     /opt/takipi/lib/libTakipiAgent.so
7fb23bacf000-7fb23bbc5000 rw-p 00000000 00:00 0 
7fb23bbc5000-7fb23bbee000 r-xp 00000000 fc:00 520486                     /usr/lib/jvm/java-7-openjdk-amd64/jre/lib/amd64/libjava.so
7fb23bbee000-7fb23bded000 ---p 00029000 fc:00 520486                     /usr/lib/jvm/java-7-openjdk-amd64/jre/lib/amd64/libjava.so
7fb23bded000-7fb23bdee000 r--p 00028000 fc:00 520486                     /usr/lib/jvm/java-7-openjdk-amd64/jre/lib/amd64/libjava.so
7fb23bdee000-7fb23bdf0000 rw-p 00029000 fc:00 520486                     /usr/lib/jvm/java-7-openjdk-amd64/jre/lib/amd64/libjava.so
7fb23bdf0000-7fb23bdfe000 r-xp 00000000 fc:00 520504                     /usr/lib/jvm/java-7-openjdk-amd64/jre/lib/amd64/libverify.so
7fb23bdfe000-7fb23bffd000 ---p 0000e000 fc:00 520504                     /usr/lib/jvm/java-7-openjdk-amd64/jre/lib/amd64/libverify.so
7fb23bffd000-7fb23bfff000 r--p 0000d000 fc:00 520504                     /usr/lib/jvm/java-7-openjdk-amd64/jre/lib/amd64/libverify.so
7fb23bfff000-7fb23c000000 rw-p 0000f000 fc:00 520504                     /usr/lib/jvm/java-7-openjdk-amd64/jre/lib/amd64/libverify.so
7fb23c000000-7fb23c06d000 rw-p 00000000 00:00 0 
7fb23c06d000-7fb240000000 ---p 00000000 00:00 0 
7fb24004a000-7fb2400c7000 rw-s 00000000 00:12 16529                      /run/shm/TKPA.3311a1429446785104011
7fb2400c7000-7fb240144000 rw-s 00000000 00:12 11537                      /run/shm/BugtaleService
7fb240144000-7fb24014b000 r-xp 00000000 fc:00 48                         /lib/x86_64-linux-gnu/librt-2.15.so
7fb24014b000-7fb24034a000 ---p 00007000 fc:00 48                         /lib/x86_64-linux-gnu/librt-2.15.so
7fb24034a000-7fb24034b000 r--p 00006000 fc:00 48                         /lib/x86_64-linux-gnu/librt-2.15.so
7fb24034b000-7fb24034c000 rw-p 00007000 fc:00 48                         /lib/x86_64-linux-gnu/librt-2.15.so
7fb24034c000-7fb240361000 r-xp 00000000 fc:00 29                         /lib/x86_64-linux-gnu/libgcc_s.so.1
7fb240361000-7fb240560000 ---p 00015000 fc:00 29                         /lib/x86_64-linux-gnu/libgcc_s.so.1
7fb240560000-7fb240561000 r--p 00014000 fc:00 29                         /lib/x86_64-linux-gnu/libgcc_s.so.1
7fb240561000-7fb240562000 rw-p 00015000 fc:00 29                         /lib/x86_64-linux-gnu/libgcc_s.so.1
7fb240562000-7fb24065d000 r-xp 00000000 fc:00 52                         /lib/x86_64-linux-gnu/libm-2.15.so
7fb24065d000-7fb24085c000 ---p 000fb000 fc:00 52                         /lib/x86_64-linux-gnu/libm-2.15.so
7fb24085c000-7fb24085d000 r--p 000fa000 fc:00 52                         /lib/x86_64-linux-gnu/libm-2.15.so
7fb24085d000-7fb24085e000 rw-p 000fb000 fc:00 52                         /lib/x86_64-linux-gnu/libm-2.15.so
7fb24085e000-7fb240940000 r-xp 00000000 fc:00 265657                     /usr/lib/x86_64-linux-gnu/libstdc++.so.6.0.16
7fb240940000-7fb240b3f000 ---p 000e2000 fc:00 265657                     /usr/lib/x86_64-linux-gnu/libstdc++.so.6.0.16
7fb240b3f000-7fb240b47000 r--p 000e1000 fc:00 265657                     /usr/lib/x86_64-linux-gnu/libstdc++.so.6.0.16
7fb240b47000-7fb240b49000 rw-p 000e9000 fc:00 265657                     /usr/lib/x86_64-linux-gnu/libstdc++.so.6.0.16
7fb240b49000-7fb240b5e000 rw-p 00000000 00:00 0 
7fb240b5e000-7fb24164d000 r-xp 00000000 fc:00 520522                     /usr/lib/jvm/java-7-openjdk-amd64/jre/lib/amd64/server/libjvm.so
7fb24164d000-7fb24184c000 ---p 00aef000 fc:00 520522                     /usr/lib/jvm/java-7-openjdk-amd64/jre/lib/amd64/server/libjvm.so
7fb24184c000-7fb2418ed000 r--p 00aee000 fc:00 520522                     /usr/lib/jvm/java-7-openjdk-amd64/jre/lib/amd64/server/libjvm.so
7fb2418ed000-7fb241910000 rw-p 00b8f000 fc:00 520522                     /usr/lib/jvm/java-7-openjdk-amd64/jre/lib/amd64/server/libjvm.so
7fb241910000-7fb24193d000 rw-p 00000000 00:00 0 
7fb24193d000-7fb241953000 r-xp 00000000 fc:00 345                        /lib/x86_64-linux-gnu/libz.so.1.2.3.4
7fb241953000-7fb241b52000 ---p 00016000 fc:00 345                        /lib/x86_64-linux-gnu/libz.so.1.2.3.4
7fb241b52000-7fb241b53000 r--p 00015000 fc:00 345                        /lib/x86_64-linux-gnu/libz.so.1.2.3.4
7fb241b53000-7fb241b54000 rw-p 00016000 fc:00 345                        /lib/x86_64-linux-gnu/libz.so.1.2.3.4
7fb241b54000-7fb241b6c000 r-xp 00000000 fc:00 50                         /lib/x86_64-linux-gnu/libpthread-2.15.so
7fb241b6c000-7fb241d6b000 ---p 00018000 fc:00 50                         /lib/x86_64-linux-gnu/libpthread-2.15.so
7fb241d6b000-7fb241d6c000 r--p 00017000 fc:00 50                         /lib/x86_64-linux-gnu/libpthread-2.15.so
7fb241d6c000-7fb241d6d000 rw-p 00018000 fc:00 50                         /lib/x86_64-linux-gnu/libpthread-2.15.so
7fb241d6d000-7fb241d71000 rw-p 00000000 00:00 0 
7fb241d71000-7fb241d73000 r-xp 00000000 fc:00 56                         /lib/x86_64-linux-gnu/libdl-2.15.so
7fb241d73000-7fb241f73000 ---p 00002000 fc:00 56                         /lib/x86_64-linux-gnu/libdl-2.15.so
7fb241f73000-7fb241f74000 r--p 00002000 fc:00 56                         /lib/x86_64-linux-gnu/libdl-2.15.so
7fb241f74000-7fb241f75000 rw-p 00003000 fc:00 56                         /lib/x86_64-linux-gnu/libdl-2.15.so
7fb241f75000-7fb24212a000 r-xp 00000000 fc:00 41                         /lib/x86_64-linux-gnu/libc-2.15.so
7fb24212a000-7fb24232a000 ---p 001b5000 fc:00 41                         /lib/x86_64-linux-gnu/libc-2.15.so
7fb24232a000-7fb24232e000 r--p 001b5000 fc:00 41                         /lib/x86_64-linux-gnu/libc-2.15.so
7fb24232e000-7fb242330000 rw-p 001b9000 fc:00 41                         /lib/x86_64-linux-gnu/libc-2.15.so
7fb242330000-7fb242335000 rw-p 00000000 00:00 0 
7fb242335000-7fb242342000 r-xp 00000000 fc:00 520529                     /usr/lib/jvm/java-7-openjdk-amd64/jre/lib/amd64/jli/libjli.so
7fb242342000-7fb242541000 ---p 0000d000 fc:00 520529                     /usr/lib/jvm/java-7-openjdk-amd64/jre/lib/amd64/jli/libjli.so
7fb242541000-7fb242542000 r--p 0000c000 fc:00 520529                     /usr/lib/jvm/java-7-openjdk-amd64/jre/lib/amd64/jli/libjli.so
7fb242542000-7fb242543000 rw-p 0000d000 fc:00 520529                     /usr/lib/jvm/java-7-openjdk-amd64/jre/lib/amd64/jli/libjli.so
7fb242543000-7fb242565000 r-xp 00000000 fc:00 53                         /lib/x86_64-linux-gnu/ld-2.15.so
7fb24258d000-7fb242595000 rw-s 00000000 fc:00 131061                     /tmp/hsperfdata_vagrant/3311
7fb242595000-7fb242656000 rw-p 00000000 00:00 0 
7fb242656000-7fb242659000 ---p 00000000 00:00 0 
7fb242659000-7fb242757000 rwxp 00000000 00:00 0                          [stack:3352]
7fb242757000-7fb24275d000 rw-p 00000000 00:00 0 
7fb24275d000-7fb24275e000 rw-p 00000000 00:00 0 
7fb24275e000-7fb24275f000 rw-s 00000000 00:12 16528                      /run/shm/TKPI3311a1429446785104011
7fb24275f000-7fb242760000 rw-s 00000000 00:12 11509                      /run/shm/BugtaleGenerators
7fb242760000-7fb242761000 rw-s 00000000 00:12 11541                      /run/shm/BugtaleWatchDog
7fb242761000-7fb242762000 rw-p 00000000 00:00 0 
7fb242762000-7fb242763000 r--p 00000000 00:00 0 
7fb242763000-7fb242765000 rw-p 00000000 00:00 0 
7fb242765000-7fb242766000 r--p 00022000 fc:00 53                         /lib/x86_64-linux-gnu/ld-2.15.so
7fb242766000-7fb242768000 rw-p 00023000 fc:00 53                         /lib/x86_64-linux-gnu/ld-2.15.so
7fffee1f8000-7fffee219000 rwxp 00000000 00:00 0                          [stack]
7fffee25e000-7fffee260000 r-xp 00000000 00:00 0                          [vdso]
ffffffffff600000-ffffffffff601000 r-xp 00000000 00:00 0                  [vsyscall]

VM Arguments:
jvm_args: -Dactivator.home=//vagrant -Xms1024m -Xmx1024m -XX:PermSize=64m -XX:MaxPermSize=256m -agentlib:TakipiAgent 
java_command: //vagrant/activator-launch-1.2.3.jar run
Launcher Type: SUN_STANDARD

Environment Variables:
PATH=/usr/local/sbin:/usr/local/bin:/usr/sbin:/usr/bin:/sbin:/bin:/usr/games
SHELL=/bin/bash

Signal Handlers:
SIGSEGV: [libjvm.so+0x926aa0], sa_mask[0]=0x7ffbfeff, sa_flags=0x10000004
SIGBUS: [libjvm.so+0x926aa0], sa_mask[0]=0x7ffbfeff, sa_flags=0x10000004
SIGFPE: [libjvm.so+0x7a59e0], sa_mask[0]=0x7ffbfeff, sa_flags=0x10000004
SIGPIPE: [libTakipiAgent.so+0x62fef0], sa_mask[0]=0x00001000, sa_flags=0x10000004
SIGXFSZ: [libjvm.so+0x7a59e0], sa_mask[0]=0x7ffbfeff, sa_flags=0x10000004
SIGILL: [libjvm.so+0x7a59e0], sa_mask[0]=0x7ffbfeff, sa_flags=0x10000004
SIGUSR1: SIG_DFL, sa_mask[0]=0x00000000, sa_flags=0x00000000
SIGUSR2: [libjvm.so+0x7a5c00], sa_mask[0]=0x00000000, sa_flags=0x10000004
SIGHUP: SIG_DFL, sa_mask[0]=0x00000000, sa_flags=0x00000000
SIGINT: SIG_DFL, sa_mask[0]=0x00000000, sa_flags=0x00000000
SIGTERM: SIG_DFL, sa_mask[0]=0x00000000, sa_flags=0x00000000
SIGQUIT: SIG_DFL, sa_mask[0]=0x00000000, sa_flags=0x00000000
SIGTRAP: SIG_DFL, sa_mask[0]=0x00000000, sa_flags=0x00000000


---------------  S Y S T E M  ---------------

OS:Ubuntu 12.04 (precise)
uname:Linux 3.11.0-15-generic #25~precise1-Ubuntu SMP Thu Jan 30 17:39:31 UTC 2014 x86_64
libc:glibc 2.15 NPTL 2.15 
rlimit: STACK 8192k, CORE 0k, NPROC 3760, NOFILE 4096, AS infinity
load average:0.00 0.02 0.16

/proc/meminfo:
MemTotal:         501044 kB
MemFree:          264164 kB
Buffers:            3720 kB
Cached:            49588 kB
SwapCached:        48124 kB
Active:            72264 kB
Inactive:         121064 kB
Active(anon):      42648 kB
Inactive(anon):    97772 kB
Active(file):      29616 kB
Inactive(file):    23292 kB
Unevictable:           0 kB
Mlocked:               0 kB
SwapTotal:        524284 kB
SwapFree:         335068 kB
Dirty:                56 kB
Writeback:             0 kB
AnonPages:         94524 kB
Mapped:            20496 kB
Shmem:               396 kB
Slab:              19572 kB
SReclaimable:       9924 kB
SUnreclaim:         9648 kB
KernelStack:        1648 kB
PageTables:         3592 kB
NFS_Unstable:          0 kB
Bounce:                0 kB
WritebackTmp:          0 kB
CommitLimit:      774804 kB
Committed_AS:     909100 kB
VmallocTotal:   34359738367 kB
VmallocUsed:       20980 kB
VmallocChunk:   34359713596 kB
HardwareCorrupted:     0 kB
AnonHugePages:         0 kB
HugePages_Total:       0
HugePages_Free:        0
HugePages_Rsvd:        0
HugePages_Surp:        0
Hugepagesize:       2048 kB
DirectMap4k:       38848 kB
DirectMap2M:      485376 kB


CPU:total 1 (1 cores per cpu, 1 threads per core) family 6 model 69 stepping 1, cmov, cx8, fxsr, mmx, sse, sse2, sse3, ssse3, tsc

/proc/cpuinfo:
processor	: 0
vendor_id	: GenuineIntel
cpu family	: 6
model		: 69
model name	: Intel(R) Core(TM) i5-4288U CPU @ 2.60GHz
stepping	: 1
microcode	: 0x19
cpu MHz		: 2601.512
cache size	: 6144 KB
fpu		: yes
fpu_exception	: yes
cpuid level	: 5
wp		: yes
flags		: fpu vme de pse tsc msr pae mce cx8 apic sep mtrr pge mca cmov pat pse36 clflush mmx fxsr sse sse2 syscall nx rdtscp lm constant_tsc rep_good nopl pni monitor ssse3 lahf_lm
bogomips	: 5203.02
clflush size	: 64
cache_alignment	: 64
address sizes	: 39 bits physical, 48 bits virtual
power management:



Memory: 4k page, physical 501044k(264164k free), swap 524284k(335068k free)

vm_info: OpenJDK 64-Bit Server VM (24.75-b04) for linux-amd64 JRE (1.7.0_75-b13), built on Jan 27 2015 16:25:00 by "buildd" with gcc 4.6.3

time: Sun Apr 19 05:33:05 2015
elapsed time: 0 seconds

