[0m[[0minfo[0m] [0mLoading project definition from /Users/takipimbp1/Projects/takipi/test/nonce/scala/project[0m
[0m[[0minfo[0m] [0mSet current project to SitePlay (in build file:/Users/takipimbp1/Projects/takipi/test/nonce/scala/)[0m

[35m--- (Running the application, auto-reloading is enabled) ---[0m

[[37minfo[0m] play - Listening for HTTP on /0:0:0:0:0:0:0:0:9000

[32m(Server started, use Ctrl+D to stop and go back to the console...)[0m

[0m[[0minfo[0m] [0mLoading project definition from /Users/takipimbp1/Projects/takipi/test/nonce/scala/project[0m
[0m[[0minfo[0m] [0mSet current project to SitePlay (in build file:/Users/takipimbp1/Projects/takipi/test/nonce/scala/)[0m

[35m--- (Running the application, auto-reloading is enabled) ---[0m

org.jboss.netty.channel.ChannelException: Failed to bind to: /0.0.0.0:9000
	at org.jboss.netty.bootstrap.ServerBootstrap.bind(ServerBootstrap.java:272)
	at play.core.server.NettyServer$$anonfun$8.apply(NettyServer.scala:129)
	at play.core.server.NettyServer$$anonfun$8.apply(NettyServer.scala:126)
	at scala.Option.map(Option.scala:145)
	at play.core.server.NettyServer.<init>(NettyServer.scala:126)
	at play.core.server.NettyServer$$anonfun$mainDev$1.apply(NettyServer.scala:311)
	at play.core.server.NettyServer$$anonfun$mainDev$1.apply(NettyServer.scala:309)
	at play.utils.Threads$.withContextClassLoader(Threads.scala:21)
	at play.core.server.NettyServer$.mainDev(NettyServer.scala:308)
	at play.core.server.NettyServer$.mainDevHttpMode(NettyServer.scala:304)
	at play.core.server.NettyServer.mainDevHttpMode(NettyServer.scala)
	at sun.reflect.NativeMethodAccessorImpl.invoke0(Native Method)
	at sun.reflect.NativeMethodAccessorImpl.invoke(NativeMethodAccessorImpl.java:62)
	at sun.reflect.DelegatingMethodAccessorImpl.invoke(DelegatingMethodAccessorImpl.java:43)
	at java.lang.reflect.Method.invoke(Method.java:483)
	at play.PlayRun$class.play$PlayRun$$startDevMode(PlayRun.scala:319)
	at play.PlayRun$$anonfun$playRunTask$1$$anonfun$apply$2$$anonfun$apply$3.devModeServer$lzycompute$1(PlayRun.scala:103)
	at play.PlayRun$$anonfun$playRunTask$1$$anonfun$apply$2$$anonfun$apply$3.play$PlayRun$class$$anonfun$$anonfun$$anonfun$$devModeServer$1(PlayRun.scala:103)
	at play.PlayRun$$anonfun$playRunTask$1$$anonfun$apply$2$$anonfun$apply$3.apply(PlayRun.scala:125)
	at play.PlayRun$$anonfun$playRunTask$1$$anonfun$apply$2$$anonfun$apply$3.apply(PlayRun.scala:96)
	at scala.Function1$$anonfun$compose$1.apply(Function1.scala:47)
Caused by: java.net.BindException: Address already in use
	at sun.nio.ch.Net.bind0(Native Method)
	at sun.nio.ch.Net.bind(Net.java:436)
	at sun.nio.ch.Net.bind(Net.java:428)
	at sun.nio.ch.ServerSocketChannelImpl.bind(ServerSocketChannelImpl.java:214)
	at sun.nio.ch.ServerSocketAdaptor.bind(ServerSocketAdaptor.java:74)
	at org.jboss.netty.channel.socket.nio.NioServerBoss$RegisterTask.run(NioServerBoss.java:193)
	at org.jboss.netty.channel.socket.nio.AbstractNioSelector.processTaskQueue(AbstractNioSelector.java:372)
	at org.jboss.netty.channel.socket.nio.AbstractNioSelector.run(AbstractNioSelector.java:296)
	at org.jboss.netty.channel.socket.nio.NioServerBoss.run(NioServerBoss.java:42)
	at org.jboss.netty.util.ThreadRenamingRunnable.run(ThreadRenamingRunnable.java:108)
	at org.jboss.netty.util.internal.DeadLockProofWorker$1.run(DeadLockProofWorker.java:42)
	at java.util.concurrent.ThreadPoolExecutor.runWorker(ThreadPoolExecutor.java:1142)
	at java.util.concurrent.ThreadPoolExecutor$Worker.run(ThreadPoolExecutor.java:617)
	at java.lang.Thread.run(Thread.java:745)
[0m[[31mtrace[0m] [0mStack trace suppressed: run [34mlast compile:run[0m for the full output.[0m
[0m[[31merror[0m] [0m(compile:[31mrun[0m) java.lang.reflect.InvocationTargetException[0m
[0m[[31merror[0m] [0mTotal time: 2 s, completed Apr 16, 2015 3:14:36 PM[0m
